0.381378173828125,661
1.2756590843200684,656
1.9076030254364014,649
2.208127021789551,648
2.903456926345825,643
3.263803005218506,640
4.745060205459595,639
5.963226079940796,636
6.900965929031372,630
7.249212026596069,629
9.633463144302368,627
13.301950931549072,623
13.923462867736816,622
15.684916019439697,617
15.986796140670776,616
19.345972061157227,615
50.15315508842468,614
50.817065954208374,612
66.43813705444336,611
66.8045220375061,609
81.02350902557373,607
81.62639212608337,605
146.86795496940613,604
150.75500798225403,603
