0.2116227149963379,679
0.693490743637085,672
1.0451247692108154,670
1.9431328773498535,662
2.286245822906494,658
2.497285842895508,649
2.7081968784332275,643
2.904228687286377,642
3.6907687187194824,635
3.8756799697875977,634
4.225266933441162,632
4.402591943740845,630
4.778052806854248,628
5.298552989959717,626
5.796406984329224,620
6.1517109870910645,618
6.502865791320801,617
6.683942794799805,616
7.861357927322388,615
8.163151741027832,614
9.818259954452515,613
10.76808500289917,612
47.61049485206604,611
97.16434407234192,610
99.70993781089783,609
127.1950159072876,608
128.44823598861694,606
166.4372158050537,605
168.5110719203949,604
429.7939567565918,603
432.3801038265228,602
433.18827080726624,601
