0.3377070426940918,683
1.1102399826049805,672
1.8429419994354248,667
2.0678179264068604,662
2.634565830230713,660
3.2224888801574707,659
3.791510820388794,657
4.058333873748779,647
4.4467339515686035,644
4.815165996551514,640
5.033038854598999,637
5.76700496673584,635
6.244892835617065,632
6.530582904815674,629
13.744898796081543,628
14.198844909667969,627
15.000176906585693,626
15.87205696105957,622
16.086709022521973,620
16.294306755065918,619
19.810215950012207,615
20.710429906845093,613
24.594668865203857,612
25.166826009750366,609
34.39014410972595,607
35.95344591140747,606
36.15295600891113,605
