0.37601208686828613,670
0.6378889083862305,663
1.3321080207824707,655
1.5803351402282715,650
1.8375012874603271,649
2.089266061782837,646
2.3344969749450684,643
2.8705902099609375,641
3.564512014389038,638
4.062189102172852,636
4.725266218185425,635
5.072983026504517,634
7.577375888824463,632
8.736247062683105,630
9.430059909820557,626
10.444766998291016,624
11.167989015579224,623
13.591819047927856,622
14.649737119674683,621
17.63044309616089,619
19.11196994781494,618
34.005791902542114,613
44.21569299697876,611
47.74164009094238,610
63.40612506866455,609
65.83926796913147,608
281.17668294906616,607
