0.1315619945526123,687
0.5895571708679199,680
0.8191919326782227,670
0.9380638599395752,666
1.1702499389648438,654
1.296069860458374,650
1.710386037826538,647
3.087881088256836,646
3.2215518951416016,640
3.351870059967041,635
3.4815051555633545,634
3.612921953201294,633
3.7389321327209473,629
3.864448070526123,627
4.887366056442261,625
5.273534059524536,621
5.533240795135498,619
6.4893388748168945,614
6.893779993057251,613
11.598755836486816,612
12.178403854370117,609
12.969960927963257,608
103.17821907997131,607
112.49841284751892,605
268.3645520210266,604
268.76712799072266,602
