0.19696688652038574,684
0.39533090591430664,675
0.9675817489624023,671
1.5109989643096924,663
1.7415170669555664,661
1.96291184425354,659
2.4113099575042725,652
2.95169997215271,645
3.1397550106048584,641
3.4036788940429688,634
4.277442932128906,632
5.41275691986084,630
6.1128668785095215,628
6.361202955245972,626
14.228245973587036,625
15.972877025604248,619
19.80848789215088,618
43.50635480880737,617
46.01080894470215,614
47.13888502120972,613
53.33297085762024,612
55.735838890075684,611
65.28363800048828,610
66.72309184074402,609
590.9038708209991,608
