0.30269408226013184,667
1.195533037185669,660
2.2993099689483643,653
2.6299450397491455,650
2.9385361671447754,648
3.21235990524292,646
3.4933691024780273,642
3.7898879051208496,639
4.062656879425049,630
7.293701171875,627
7.848370790481567,625
8.394547939300537,624
10.02858591079712,621
10.403802156448364,620
11.107254028320312,618
11.763795852661133,616
12.69701099395752,615
14.452765941619873,614
14.761811017990112,613
16.351598978042603,611
21.71650719642639,610
24.026942014694214,609
111.08804392814636,608
125.21121191978455,606
126.01033115386963,605
126.44857382774353,604
127.32409310340881,601
