6.7080230712890625,4228
12.585553169250488,4193
22.991076946258545,4170
29.553042888641357,4145
41.55405330657959,4118
58.54706621170044,4106
78.04205441474915,4092
84.57007789611816,4087
122.19510436058044,4067
147.24308252334595,4062
165.91307878494263,4050
182.93408060073853,4046
224.0892207622528,4044
235.7062406539917,4037
247.57454991340637,4028
274.5864851474762,4027
282.48189067840576,4020
293.8252272605896,4019
302.5721163749695,4013
324.1835148334503,4010
371.8701946735382,4007
