7.615039587020874,4284
14.824512481689453,4239
23.18700933456421,4210
43.151976585388184,4168
60.11453580856323,4141
70.74900841712952,4123
76.87702894210815,4095
96.02004218101501,4072
123.02905201911926,4059
154.07607007026672,4033
171.55607509613037,4031
178.9300718307495,4027
191.68212509155273,4019
213.94290733337402,4010
223.97413992881775,4009
251.00312876701355,4008
258.88005900382996,4005
273.0000524520874,4004
330.12511229515076,4001
424.94722843170166,4000
490.63314986228943,3999
536.0861794948578,3996
560.9161732196808,3993
