7.9120378494262695,4279
32.89500689506531,4248
38.997010707855225,4219
45.804025173187256,4183
52.88801288604736,4148
63.40302562713623,4122
79.91501784324646,4098
95.42201566696167,4094
103.67603397369385,4079
113.24102926254272,4064
120.67305135726929,4060
144.95206570625305,4053
163.48406052589417,4043
181.87206196784973,4039
193.0280635356903,4030
205.4600954055786,4024
225.19382309913635,4017
235.4220871925354,4015
274.0130636692047,4014
351.4811177253723,4006
401.29312443733215,4002
549.6011786460876,3996
