5.028643369674683,4260
26.359264135360718,4208
47.624326944351196,4171
55.942352056503296,4154
71.14030599594116,4136
80.24130058288574,4106
95.77032852172852,4082
103.40631175041199,4068
118.70735716819763,4055
129.3838334083557,4048
142.79833269119263,4041
150.62135553359985,4031
159.94632863998413,4023
170.7993619441986,4020
178.69133973121643,4017
195.9323742389679,4016
235.55031895637512,4013
247.20547652244568,4011
259.09038066864014,4008
268.7844178676605,4005
306.8734829425812,3999
