5.626163959503174,4268
24.388020992279053,4240
30.796021938323975,4183
48.06102156639099,4152
56.55003046989441,4140
80.30905866622925,4115
95.71904826164246,4090
104.82703471183777,4074
121.40403008460999,4064
130.11905717849731,4048
137.34403038024902,4037
143.60806679725647,4028
155.04907202720642,4027
188.08804750442505,4019
232.9951732158661,4015
239.86308455467224,4013
265.95613074302673,4011
276.7325897216797,4009
287.42546701431274,4008
298.86107444763184,4003
460.67119121551514,3999
474.4041566848755,3997
556.7711753845215,3996
