6.19900369644165,4296
16.295952796936035,4230
31.758947372436523,4201
39.910996437072754,4163
61.594993591308594,4135
67.5920422077179,4113
80.11999750137329,4101
118.40599250793457,4094
127.25700426101685,4072
136.16109943389893,4068
146.75117373466492,4047
157.680016040802,4033
168.76020288467407,4020
178.45706391334534,4018
185.3820731639862,4014
248.46300554275513,4012
294.0480492115021,4001
355.82207202911377,4000
479.63911390304565,3992
501.0361166000366,3986
510.84217643737793,3983
543.0661704540253,3981
