7.1370179653167725,4279
17.89401125907898,4228
28.977052211761475,4186
37.040104150772095,4166
47.30607342720032,4134
78.04305100440979,4112
92.91605424880981,4085
102.66304397583008,4081
112.24905157089233,4076
145.76304936408997,4068
162.97206377983093,4057
186.84458565711975,4045
204.33012056350708,4035
257.139169216156,4034
274.73899006843567,4029
286.53111457824707,4027
298.43112993240356,4018
339.8781599998474,4014
431.796160697937,4010
457.5252203941345,4009
478.7801492214203,4002
