1.5720138549804688,2404
2.535104990005493,2381
3.213451862335205,2362
4.018019676208496,2353
5.367657899856567,2343
6.562692880630493,2334
7.236336708068848,2328
9.342594623565674,2320
10.933830738067627,2311
13.12902283668518,2306
17.98752999305725,2299
23.888312816619873,2292
27.12566089630127,2291
28.2478928565979,2287
30.86740779876709,2282
42.907994747161865,2280
43.587684869766235,2274
46.68603491783142,2273
49.22604179382324,2270
80.96237993240356,2269
83.16697883605957,2268
387.5453357696533,2265
