0.8112719058990479,2435
2.535006046295166,2416
4.077366828918457,2390
5.195631980895996,2376
6.3848488330841064,2367
7.830291986465454,2349
10.174358129501343,2337
12.43509578704834,2330
17.929306983947754,2326
20.748538970947266,2316
30.15346884727478,2312
31.52316689491272,2303
33.4891037940979,2294
36.24726891517639,2293
37.93659591674805,2288
43.2941529750824,2287
50.24032497406006,2286
63.090972900390625,2284
71.29750084877014,2279
74.13876676559448,2268
437.69035387039185,2267
439.41060304641724,2263
