0.8078577518463135,2412
1.6348838806152344,2383
2.3284778594970703,2375
3.6747429370880127,2354
4.430100917816162,2349
5.17012095451355,2341
7.309254884719849,2334
9.660809993743896,2321
10.907389879226685,2314
11.799888849258423,2311
12.583342790603638,2310
13.233911037445068,2306
15.176216840744019,2297
16.6736798286438,2296
17.34833574295044,2291
19.392740726470947,2290
26.767504930496216,2283
28.828507900238037,2280
33.09607696533203,2277
35.63967990875244,2274
39.39320492744446,2268
106.65618395805359,2265
107.65079879760742,2263
108.27031183242798,2262
