1.8051512241363525,2439
3.401379108428955,2410
4.786302328109741,2393
7.0463292598724365,2388
8.536274194717407,2378
9.828079223632812,2366
12.155170202255249,2357
13.6741042137146,2339
15.025645017623901,2328
16.352819204330444,2327
18.413652181625366,2313
29.02011227607727,2309
30.915284395217896,2303
33.76503014564514,2286
71.33535623550415,2285
76.56698107719421,2281
84.2441782951355,2279
197.85697722434998,2278
200.89885210990906,2272
203.04035305976868,2271
323.1052072048187,2268
355.84935331344604,2265
