0.7423160076141357,2430
1.734696865081787,2400
2.3850290775299072,2376
4.207512140274048,2359
6.458917856216431,2352
7.970546007156372,2340
9.221211910247803,2326
9.98560905456543,2313
10.654650211334229,2310
11.327473878860474,2304
13.110583066940308,2303
18.43747901916504,2299
31.95604395866394,2293
33.366167068481445,2288
34.84804105758667,2283
67.57593178749084,2282
102.71101498603821,2281
104.40294289588928,2279
109.20389294624329,2277
125.78639006614685,2276
127.5280179977417,2274
133.19395899772644,2268
