0.7236440181732178,2441
1.3659589290618896,2418
2.4018850326538086,2394
3.823801040649414,2386
4.482412099838257,2371
7.361007928848267,2358
8.581952095031738,2350
13.352596998214722,2343
15.04848599433899,2334
15.716079950332642,2324
16.59480595588684,2307
17.664191961288452,2304
20.531664848327637,2301
21.189693927764893,2298
21.842754125595093,2295
22.84554409980774,2290
24.728794813156128,2287
38.89966797828674,2284
43.88527798652649,2283
48.997722864151,2282
53.27729320526123,2279
53.885798931121826,2274
55.26070785522461,2271
61.254716873168945,2268
191.18038296699524,2267
