0.965418815612793,2433
2.1437809467315674,2413
2.791356086730957,2395
3.9085030555725098,2374
4.558427095413208,2363
5.226503133773804,2357
5.883582830429077,2351
6.528127908706665,2339
7.640531778335571,2331
8.744754076004028,2322
10.433023929595947,2308
11.323270082473755,2302
12.00262999534607,2295
15.44395899772644,2288
18.920570135116577,2287
28.991225957870483,2285
31.147191047668457,2280
44.552412033081055,2276
46.114624977111816,2273
49.91307091712952,2269
155.91830492019653,2266
188.82774114608765,2265
