0.40593528747558594,667
1.1884124279022217,660
2.4401304721832275,653
2.8181400299072266,650
3.2569947242736816,648
3.6330113410949707,646
4.0873308181762695,642
4.584028244018555,639
4.954059600830078,630
8.173163890838623,627
8.70229196548462,625
9.329141616821289,624
10.551933526992798,621
10.917978048324585,620
11.687958717346191,618
12.371224403381348,616
13.270928382873535,615
14.600939750671387,614
14.941046237945557,613
17.32136821746826,611
22.25494694709778,610
24.92597770690918,609
120.16529750823975,608
133.59012866020203,606
134.6189205646515,605
135.15302062034607,604
136.17932987213135,601
