0.5146491527557373,679
1.7534043788909912,672
2.8006858825683594,670
5.241780757904053,662
6.061626672744751,658
6.524914503097534,649
6.949798345565796,643
7.376673936843872,642
9.558987140655518,635
10.108048915863037,634
11.17775559425354,632
11.81556248664856,630
13.205901861190796,628
14.998694658279419,626
16.620989322662354,620
17.652775049209595,618
18.7060227394104,617
19.237128496170044,616
21.348097324371338,615
21.873714685440063,614
24.337757349014282,613
25.55706286430359,612
68.96269345283508,611
136.08972764015198,610
139.2778913974762,609
170.29313945770264,608
171.95526242256165,606
213.4159107208252,605
214.9399070739746,604
