0.2648801803588867,684
0.5308256149291992,675
1.2459075450897217,671
1.8997526168823242,663
2.141892433166504,661
2.42503023147583,659
2.928209066390991,652
3.633155345916748,645
3.870095729827881,641
4.128404855728149,634
4.929898738861084,632
5.806764125823975,630
6.479539632797241,628
6.744819641113281,626
12.559537887573242,625
13.905389785766602,619
16.71388030052185,618
36.8389573097229,617
38.75494194030762,614
39.59028100967407,613
44.192352294921875,612
46.43494391441345,611
57.81122899055481,610
59.86433744430542,609
472.9300820827484,607
543.54509806633,606
544.2526161670685,605
