0.22400856018066406,670
0.4569883346557617,663
1.08109450340271,655
1.3095204830169678,650
1.5530753135681152,649
1.7572696208953857,646
1.9703311920166016,643
2.342417001724243,641
3.04850172996521,638
3.462648391723633,636
3.894752025604248,635
4.099715232849121,634
5.655520915985107,632
6.459771633148193,630
6.888865947723389,626
7.522408962249756,624
7.939754009246826,623
9.212879657745361,622
9.85503363609314,621
11.68462085723877,619
12.671953201293945,618
23.077346324920654,613
29.552643537521362,611
31.824342727661133,610
46.36377668380737,609
48.67624115943909,608
