0.2119455337524414,661
0.7804369926452637,656
1.1437923908233643,649
1.3433377742767334,648
1.778503656387329,643
1.972325086593628,640
2.7181622982025146,639
3.2483041286468506,636
3.6162376403808594,630
3.82060170173645,629
5.233337879180908,627
7.244555950164795,623
7.642359256744385,622
8.734584093093872,617
8.923949480056763,616
10.684695959091187,615
27.045398950576782,614
27.4899742603302,612
37.525243043899536,611
37.76349091529846,609
46.859145641326904,607
47.20997071266174,605
91.28682017326355,604
95.29869771003723,603
