0.32703542709350586,687
1.3656566143035889,680
1.9133446216583252,670
2.2263855934143066,666
2.7320806980133057,654
3.0850892066955566,650
4.064351797103882,647
6.502995491027832,646
6.830142974853516,640
7.131358623504639,635
7.424084901809692,634
7.7502360343933105,633
8.085358619689941,629
8.389054775238037,627
11.173262596130371,625
12.393078804016113,621
13.254332065582275,619
16.253008365631104,614
17.215494394302368,613
28.202391147613525,612
29.456109523773193,609
31.594005823135376,608
150.26144576072693,607
167.19302797317505,605
