0.5390832424163818,683
2.4131669998168945,672
3.4200284481048584,667
3.9611105918884277,662
5.11707615852356,660
6.219187021255493,659
7.2813990116119385,657
7.804021120071411,647
8.880207777023315,644
9.997291803359985,640
10.612179517745972,637
11.725273132324219,635
12.584012031555176,632
12.9251229763031,629
23.34429407119751,628
23.92327356338501,627
25.017409086227417,626
25.992350101470947,622
26.34843158721924,620
26.6930193901062,619
32.446423292160034,615
34.0502188205719,613
40.02804660797119,612
40.59406089782715,609
57.93414926528931,607
60.753329038619995,606
61.11737537384033,605
