0.38899660110473633,663
0.7296147346496582,655
1.061762809753418,648
2.321028470993042,645
2.695054531097412,638
3.6929314136505127,636
7.023759126663208,635
8.54377293586731,633
8.903829336166382,631
10.154067754745483,627
11.1280198097229,624
12.770734548568726,622
13.797051906585693,621
14.130672454833984,618
15.360940933227539,617
19.417805433273315,614
41.50193524360657,613
79.02799773216248,611
122.31508326530457,609
125.25984406471252,608
242.84439706802368,607
496.784791469574,606
499.83776116371155,605
500.72079586982727,604
