11.935039043426514,4284
18.355019092559814,4239
24.5550217628479,4210
40.72503614425659,4168
57.526060581207275,4141
71.95504403114319,4123
82.46702075004578,4095
99.95803904533386,4072
132.3650608062744,4059
179.42507457733154,4033
206.72507333755493,4031
216.35609197616577,4027
222.77211594581604,4019
239.95611429214478,4010
251.06846117973328,4009
287.233172416687,4008
296.1841313838959,4005
310.882141828537,4004
385.6571605205536,4001
398.2961664199829,3998
407.62915539741516,3993
467.1081621646881,3990
