7.618499755859375,4281
13.593469142913818,4242
19.894471645355225,4206
27.544508457183838,4175
33.94248104095459,4145
64.27946424484253,4125
71.09149193763733,4113
77.54949021339417,4087
84.33049154281616,4065
90.4874894618988,4040
164.52553582191467,4029
170.7755265235901,4028
177.23855996131897,4018
227.29452514648438,4015
243.607586145401,4009
259.33705735206604,4007
270.89356565475464,4006
279.86455154418945,4005
300.71059250831604,4003
318.25115942955017,4000
405.52258491516113,3996
438.6846270561218,3993
454.77964782714844,3982
463.82161498069763,3973
522.9546523094177,3969
