7.590433359146118,4279
16.892063856124878,4228
26.701268911361694,4186
33.00104260444641,4166
38.98100185394287,4134
59.43306589126587,4112
70.91006970405579,4085
77.45006036758423,4081
84.28409600257874,4076
110.09012460708618,4068
122.84257960319519,4057
143.51206636428833,4045
157.7340841293335,4035
209.5061457157135,4034
222.91313648223877,4029
233.15110659599304,4027
242.67812705039978,4018
337.7735514640808,4017
407.77416467666626,4015
446.76718735694885,4004
462.30916380882263,4001
483.23218393325806,3998
490.72519731521606,3994
543.2282156944275,3992
589.6963341236115,3987
