9.812044382095337,4279
30.6380717754364,4248
36.85504770278931,4219
44.201550245285034,4183
54.30703282356262,4148
74.88504838943481,4122
88.88604617118835,4098
105.69305157661438,4094
113.26504731178284,4079
119.65803456306458,4064
125.86207818984985,4060
153.24504947662354,4053
166.53107213974,4043
179.68907570838928,4039
187.4330666065216,4030
194.4980616569519,4024
218.0029661655426,4017
229.30906295776367,4015
267.74808382987976,4014
330.0321452617645,4006
372.3631613254547,4002
515.3922936916351,3996
584.0689454078674,3989
602.7808966636658,3980
