5.800584077835083,4268
22.278242111206055,4240
27.52502989768982,4183
42.41044211387634,4152
48.37347221374512,4140
63.04454064369202,4115
72.23623514175415,4090
79.7495059967041,4074
90.8815131187439,4064
97.04703259468079,4048
103.59252309799194,4037
112.41653156280518,4028
124.60250353813171,4027
161.38352727890015,4019
202.9335298538208,4015
212.990562915802,4013
241.60556626319885,4011
248.9505593776703,4009
259.1375741958618,4008
269.6315567493439,4003
418.6826231479645,3999
434.39455938339233,3997
521.6706683635712,3996
