5.099025249481201,4260
23.57713031768799,4208
39.878663778305054,4171
45.09512448310852,4154
55.2749445438385,4136
60.8001594543457,4106
71.85021257400513,4082
77.30816531181335,4068
90.9073121547699,4055
102.64719438552856,4048
113.1292130947113,4041
121.52019929885864,4031
129.81821703910828,4023
136.81218194961548,4020
143.37221717834473,4017
163.86222529411316,4016
199.9172694683075,4013
209.67823100090027,4011
219.5763020515442,4008
226.36125302314758,4005
248.46627378463745,3999
324.1336922645569,3998
419.5403079986572,3990
456.86632895469666,3985
