5.29623818397522,4318
12.887312173843384,4252
17.51312565803528,4201
31.634583950042725,4175
36.38366365432739,4151
48.369802474975586,4131
53.43983745574951,4120
62.44802236557007,4094
67.78012251853943,4076
73.54399180412292,4066
79.49893975257874,4058
89.8893346786499,4049
122.33004331588745,4043
157.9260492324829,4042
194.53907561302185,4026
213.43606400489807,4020
238.20107316970825,4014
266.7621099948883,4011
277.3560845851898,4006
361.3231017589569,4005
397.74214267730713,3999
438.96115374565125,3997
