6.9454803466796875,4228
12.910020112991333,4193
23.724558353424072,4170
29.095455646514893,4145
38.090269804000854,4118
53.51752781867981,4106
78.01357650756836,4092
85.17356467247009,4087
111.03959107398987,4067
138.59012985229492,4062
163.98760795593262,4050
178.82561445236206,4046
221.64260625839233,4044
231.23660683631897,4037
238.58364629745483,4028
257.8598358631134,4027
266.29163336753845,4020
277.2364709377289,4019
286.1416325569153,4013
306.2046456336975,4010
356.6201808452606,4007
567.534777879715,4001
594.3427567481995,3997
