0.6411130428314209,2439
1.1959481239318848,2410
1.7929232120513916,2393
2.8178322315216064,2388
3.356213092803955,2378
3.9008591175079346,2366
4.890331029891968,2357
5.453405857086182,2339
6.029608249664307,2328
6.658896207809448,2327
7.235695123672485,2313
10.517223119735718,2309
11.055360078811646,2303
11.63379192352295,2286
24.523580074310303,2285
26.175003051757812,2281
28.73354697227478,2279
66.90865302085876,2278
67.77528405189514,2272
68.31801700592041,2271
106.12546300888062,2270
140.28034496307373,2269
140.8146321773529,2267
194.3741979598999,2262
