0.6573610305786133,2412
1.2642412185668945,2383
1.866173267364502,2375
2.806469202041626,2354
3.3985209465026855,2349
4.023849964141846,2341
6.680315017700195,2334
8.539953231811523,2321
9.534035205841064,2314
10.128032922744751,2311
10.741584062576294,2310
11.310084104537964,2306
12.566676139831543,2297
13.444885969161987,2296
13.991678237915039,2291
15.306331157684326,2290
21.734165906906128,2283
23.767329931259155,2280
27.080807209014893,2277
29.455487966537476,2274
32.54344606399536,2268
88.49724793434143,2265
89.36270403862,2263
89.90647006034851,2262