0.6401927471160889,2441
1.1820838451385498,2418
2.06787371635437,2394
3.3074967861175537,2386
3.924745798110962,2371
6.136276960372925,2358
6.999898672103882,2350
9.205301761627197,2343
10.4096839427948,2334
10.960224628448486,2324
11.506284713745117,2307
12.368125915527344,2304
14.462760925292969,2301
15.00463581085205,2298
15.552802801132202,2295
16.08512568473816,2290
17.55073571205139,2287
27.735776662826538,2284
30.999701976776123,2283
35.35983467102051,2282
38.73961067199707,2279
39.284921646118164,2274
40.5090217590332,2271
45.921334743499756,2268
217.57576179504395,2267
569.0739898681641,2264
571.783727645874,2259
