0.6217849254608154,2430
1.504573106765747,2400
2.048264980316162,2376
3.598618984222412,2359
5.50400185585022,2352
6.376891851425171,2340
7.247903108596802,2326
7.781381845474243,2313
8.311089992523193,2310
8.8494291305542,2304
10.286689758300781,2303
13.347843885421753,2299
18.608150959014893,2293
19.15414309501648,2288
19.692368984222412,2283
29.149935007095337,2282
40.68910598754883,2281
41.22758483886719,2279
42.7468318939209,2277
48.065337896347046,2276
48.60561180114746,2274
50.371808767318726,2268
157.441575050354,2266
