0.9558110237121582,2435
2.873176097869873,2416
4.557363033294678,2390
5.889715909957886,2376
6.949506998062134,2367
7.523388862609863,2349
8.980195999145508,2337
10.906278848648071,2330
13.013644933700562,2326
14.143184900283813,2316
17.91989302635193,2312
18.503413915634155,2303
19.049670934677124,2294
20.030565977096558,2293
20.592850923538208,2288
22.1509051322937,2287
23.71078395843506,2286
27.53137993812561,2284
30.80400800704956,2279
32.0174400806427,2268
129.21284794807434,2266
581.9198069572449,2264
