0.6426668167114258,2433
1.5225811004638672,2413
2.064868927001953,2395
2.98774790763855,2374
3.5308940410614014,2363
4.0707738399505615,2357
4.620010137557983,2351
5.169895172119141,2339
6.054153203964233,2331
6.926783084869385,2322
8.137263059616089,2308
8.677836894989014,2302
9.21491003036499,2295
10.95930790901184,2288
12.695239067077637,2287
16.696631908416748,2285
17.231199026107788,2280
21.902923822402954,2276
22.818941116333008,2273
24.748847007751465,2269
91.80852699279785,2268
130.56450605392456,2262
