0.6211667060852051,2404
1.1982498168945312,2381
1.781332015991211,2362
2.320326805114746,2353
3.2630467414855957,2343
4.200209856033325,2334
4.7747578620910645,2328
6.549942970275879,2320
7.753001928329468,2311
9.30842900276184,2306
12.59656810760498,2299
16.370409965515137,2292
18.107598066329956,2291
19.048367738723755,2287
21.270751953125,2282
30.461997032165527,2280
31.029529094696045,2274
33.07300305366516,2273
34.352874994277954,2270
53.425402879714966,2269
54.63138794898987,2268
581.589929819107,2267
591.2026708126068,2265
